2020-11-09T00:21:25+00:00 CRITICAL Cannot redeclare meta_value() (previously declared in C:\xampp2\htdocs\Dalo-por-hecho-W\wp-content\themes\dalo-por-hecho\inc\fnc\fnc.php:149) in C:\xampp2\htdocs\Dalo-por-hecho-W\wp-content\themes\dalo-por-hecho\inc\fnc\fnc.php on line 386

2020-11-09T00:21:36+00:00 CRITICAL Cannot redeclare meta_value() (previously declared in C:\xampp2\htdocs\Dalo-por-hecho-W\wp-content\themes\dalo-por-hecho\inc\fnc\fnc.php:149) in C:\xampp2\htdocs\Dalo-por-hecho-W\wp-content\themes\dalo-por-hecho\inc\fnc\fnc.php on line 386

2020-11-09T00:21:40+00:00 CRITICAL Cannot redeclare meta_value() (previously declared in C:\xampp2\htdocs\Dalo-por-hecho-W\wp-content\themes\dalo-por-hecho\inc\fnc\fnc.php:149) in C:\xampp2\htdocs\Dalo-por-hecho-W\wp-content\themes\dalo-por-hecho\inc\fnc\fnc.php on line 386

2020-11-09T00:22:44+00:00 CRITICAL Cannot redeclare meta_value() (previously declared in C:\xampp2\htdocs\Dalo-por-hecho-W\wp-content\themes\dalo-por-hecho\inc\fnc\fnc.php:149) in C:\xampp2\htdocs\Dalo-por-hecho-W\wp-content\themes\dalo-por-hecho\inc\fnc\fnc.php on line 386

2020-11-09T00:23:23+00:00 CRITICAL Cannot redeclare meta_value() (previously declared in C:\xampp2\htdocs\Dalo-por-hecho-W\wp-content\themes\dalo-por-hecho\inc\fnc\fnc.php:149) in C:\xampp2\htdocs\Dalo-por-hecho-W\wp-content\themes\dalo-por-hecho\inc\fnc\fnc.php on line 386

2020-11-09T00:23:36+00:00 CRITICAL Cannot redeclare meta_value() (previously declared in C:\xampp2\htdocs\Dalo-por-hecho-W\wp-content\themes\dalo-por-hecho\inc\fnc\fnc.php:149) in C:\xampp2\htdocs\Dalo-por-hecho-W\wp-content\themes\dalo-por-hecho\inc\fnc\fnc.php on line 386

2020-11-09T00:23:39+00:00 CRITICAL Cannot redeclare meta_value() (previously declared in C:\xampp2\htdocs\Dalo-por-hecho-W\wp-content\themes\dalo-por-hecho\inc\fnc\fnc.php:149) in C:\xampp2\htdocs\Dalo-por-hecho-W\wp-content\themes\dalo-por-hecho\inc\fnc\fnc.php on line 386

2020-11-09T00:24:45+00:00 CRITICAL Cannot redeclare meta_value() (previously declared in C:\xampp2\htdocs\Dalo-por-hecho-W\wp-content\themes\dalo-por-hecho\inc\fnc\fnc.php:149) in C:\xampp2\htdocs\Dalo-por-hecho-W\wp-content\themes\dalo-por-hecho\inc\fnc\fnc.php on line 386

2020-11-09T00:25:23+00:00 CRITICAL Cannot redeclare meta_value() (previously declared in C:\xampp2\htdocs\Dalo-por-hecho-W\wp-content\themes\dalo-por-hecho\inc\fnc\fnc.php:149) in C:\xampp2\htdocs\Dalo-por-hecho-W\wp-content\themes\dalo-por-hecho\inc\fnc\fnc.php on line 386

2020-11-09T00:25:38+00:00 CRITICAL Cannot redeclare meta_value() (previously declared in C:\xampp2\htdocs\Dalo-por-hecho-W\wp-content\themes\dalo-por-hecho\inc\fnc\fnc.php:149) in C:\xampp2\htdocs\Dalo-por-hecho-W\wp-content\themes\dalo-por-hecho\inc\fnc\fnc.php on line 386

2020-11-09T00:25:39+00:00 CRITICAL Cannot redeclare meta_value() (previously declared in C:\xampp2\htdocs\Dalo-por-hecho-W\wp-content\themes\dalo-por-hecho\inc\fnc\fnc.php:149) in C:\xampp2\htdocs\Dalo-por-hecho-W\wp-content\themes\dalo-por-hecho\inc\fnc\fnc.php on line 386

2020-11-09T00:26:45+00:00 CRITICAL Cannot redeclare meta_value() (previously declared in C:\xampp2\htdocs\Dalo-por-hecho-W\wp-content\themes\dalo-por-hecho\inc\fnc\fnc.php:149) in C:\xampp2\htdocs\Dalo-por-hecho-W\wp-content\themes\dalo-por-hecho\inc\fnc\fnc.php on line 386

2020-11-09T00:27:38+00:00 CRITICAL Cannot redeclare meta_value() (previously declared in C:\xampp2\htdocs\Dalo-por-hecho-W\wp-content\themes\dalo-por-hecho\inc\fnc\fnc.php:149) in C:\xampp2\htdocs\Dalo-por-hecho-W\wp-content\themes\dalo-por-hecho\inc\fnc\fnc.php on line 386

2020-11-09T00:28:45+00:00 CRITICAL Cannot redeclare meta_value() (previously declared in C:\xampp2\htdocs\Dalo-por-hecho-W\wp-content\themes\dalo-por-hecho\inc\fnc\fnc.php:149) in C:\xampp2\htdocs\Dalo-por-hecho-W\wp-content\themes\dalo-por-hecho\inc\fnc\fnc.php on line 386

2020-11-09T00:29:38+00:00 CRITICAL Cannot redeclare meta_value() (previously declared in C:\xampp2\htdocs\Dalo-por-hecho-W\wp-content\themes\dalo-por-hecho\inc\fnc\fnc.php:149) in C:\xampp2\htdocs\Dalo-por-hecho-W\wp-content\themes\dalo-por-hecho\inc\fnc\fnc.php on line 386

2020-11-09T00:30:45+00:00 CRITICAL Cannot redeclare meta_value() (previously declared in C:\xampp2\htdocs\Dalo-por-hecho-W\wp-content\themes\dalo-por-hecho\inc\fnc\fnc.php:149) in C:\xampp2\htdocs\Dalo-por-hecho-W\wp-content\themes\dalo-por-hecho\inc\fnc\fnc.php on line 386

2020-11-09T00:32:45+00:00 CRITICAL Cannot redeclare meta_value() (previously declared in C:\xampp2\htdocs\Dalo-por-hecho-W\wp-content\themes\dalo-por-hecho\inc\fnc\fnc.php:149) in C:\xampp2\htdocs\Dalo-por-hecho-W\wp-content\themes\dalo-por-hecho\inc\fnc\fnc.php on line 386

2020-11-09T00:34:46+00:00 CRITICAL Cannot redeclare meta_value() (previously declared in C:\xampp2\htdocs\Dalo-por-hecho-W\wp-content\themes\dalo-por-hecho\inc\fnc\fnc.php:149) in C:\xampp2\htdocs\Dalo-por-hecho-W\wp-content\themes\dalo-por-hecho\inc\fnc\fnc.php on line 386

2020-11-09T00:36:47+00:00 CRITICAL Cannot redeclare meta_value() (previously declared in C:\xampp2\htdocs\Dalo-por-hecho-W\wp-content\themes\dalo-por-hecho\inc\fnc\fnc.php:149) in C:\xampp2\htdocs\Dalo-por-hecho-W\wp-content\themes\dalo-por-hecho\inc\fnc\fnc.php on line 386

2020-11-09T02:10:14+00:00 CRITICAL syntax error, unexpected '}' in C:\xampp2\htdocs\Dalo-por-hecho-W\wp-content\themes\dalo-por-hecho\inc\fnc\fnc.php on line 387

2020-11-09T03:40:57+00:00 CRITICAL syntax error, unexpected ',' in C:\xampp2\htdocs\Dalo-por-hecho-W\wp-content\themes\dalo-por-hecho\woocommerce\checkout\thankyou.php on line 58

2020-11-09T03:41:35+00:00 CRITICAL syntax error, unexpected '.' in C:\xampp2\htdocs\Dalo-por-hecho-W\wp-content\themes\dalo-por-hecho\woocommerce\checkout\thankyou.php on line 58

2020-11-09T03:51:52+00:00 CRITICAL syntax error, unexpected '.' in C:\xampp2\htdocs\Dalo-por-hecho-W\wp-content\themes\dalo-por-hecho\woocommerce\checkout\thankyou.php on line 58

2020-11-09T03:58:11+00:00 CRITICAL Uncaught Error: Call to undefined function CONCAT() in C:\xampp2\htdocs\Dalo-por-hecho-W\wp-content\themes\dalo-por-hecho\woocommerce\checkout\thankyou.php:58
Stack trace:
#0 C:\xampp2\htdocs\Dalo-por-hecho-W\wp-content\plugins\woocommerce\includes\wc-core-functions.php(344): include()
#1 C:\xampp2\htdocs\Dalo-por-hecho-W\wp-content\plugins\woocommerce\includes\shortcodes\class-wc-shortcode-checkout.php(256): wc_get_template('checkout/thanky...', Array)
#2 C:\xampp2\htdocs\Dalo-por-hecho-W\wp-content\plugins\woocommerce\includes\shortcodes\class-wc-shortcode-checkout.php(63): WC_Shortcode_Checkout::order_received(368)
#3 C:\xampp2\htdocs\Dalo-por-hecho-W\wp-content\plugins\woocommerce\includes\class-wc-shortcodes.php(72): WC_Shortcode_Checkout::output('')
#4 C:\xampp2\htdocs\Dalo-por-hecho-W\wp-content\plugins\woocommerce\includes\class-wc-shortcodes.php(95): WC_Shortcodes::shortcode_wrapper(Array, '')
#5 C:\xampp2\htdocs\Dalo-por-hecho-W\wp-includes\shortcodes.php(343): WC_Shortcodes::checkout('', '', 'wooco in C:\xampp2\htdocs\Dalo-por-hecho-W\wp-content\themes\dalo-por-hecho\woocommerce\checkout\thankyou.php on line 58

2020-11-09T06:24:07+00:00 CRITICAL syntax error, unexpected '$customer_id' (T_VARIABLE), expecting ',' or ';' in C:\xampp2\htdocs\Dalo-por-hecho-W\wp-content\themes\dalo-por-hecho\woocommerce\checkout\thankyou.php on line 60

