<<<<<<< HEAD
2020-10-26T02:12:03+00:00 CRITICAL Uncaught Error: Call to undefined function Khipu\curl_init() in /var/www/daloporhecho.cl/wp-content/plugins/woocommerce-khipu-gateway/vendor/khipu/khipu-api-client/lib/ApiClient.php:158
Stack trace:
#0 /var/www/daloporhecho.cl/wp-content/plugins/woocommerce-khipu-gateway/vendor/khipu/khipu-api-client/lib/Client/PaymentsApi.php(448): Khipu\ApiClient->callApi('/payments', 'POST', Array, 'subject=Orden+2...', Array, '\\Khipu\\Model\\Pa...')
#1 /var/www/daloporhecho.cl/wp-content/plugins/woocommerce-khipu-gateway/class-wc-khipu.php(274): Khipu\Client\PaymentsApi->paymentsPost('Orden 259 - Dal...', 'CLP', '550000.00', Array)
#2 /var/www/daloporhecho.cl/wp-content/plugins/woocommerce-khipu-gateway/class-wc-khipu.php(310): WC_Gateway_khipu->generate_khipu_generate_payment(259)
#3 /var/www/daloporhecho.cl/wp-includes/class-wp-hook.php(287): WC_Gateway_khipu->receipt_page(259)
#4 /var/www/daloporhecho.cl/wp-includes/class-wp-hook.php(311): WP_Hook->apply_filters('', Array)
#5 /var/www/daloporhecho.cl/wp-includes/plugi in /var/www/daloporhecho.cl/wp-content/plugins/woocommerce-khipu-gateway/vendor/khipu/khipu-api-client/lib/ApiClient.php on line 158

2020-10-26T02:14:40+00:00 CRITICAL Uncaught Error: Call to undefined function Khipu\curl_init() in /var/www/daloporhecho.cl/wp-content/plugins/woocommerce-khipu-gateway/vendor/khipu/khipu-api-client/lib/ApiClient.php:158
Stack trace:
#0 /var/www/daloporhecho.cl/wp-content/plugins/woocommerce-khipu-gateway/vendor/khipu/khipu-api-client/lib/Client/PaymentsApi.php(448): Khipu\ApiClient->callApi('/payments', 'POST', Array, 'subject=Orden+2...', Array, '\\Khipu\\Model\\Pa...')
#1 /var/www/daloporhecho.cl/wp-content/plugins/woocommerce-khipu-gateway/class-wc-khipumanual.php(256): Khipu\Client\PaymentsApi->paymentsPost('Orden 260 - Dal...', 'CLP', '550000.00', Array)
#2 /var/www/daloporhecho.cl/wp-content/plugins/woocommerce-khipu-gateway/class-wc-khipumanual.php(281): WC_Gateway_khipumanual->generate_khipumanual_submit_button(260)
#3 /var/www/daloporhecho.cl/wp-includes/class-wp-hook.php(287): WC_Gateway_khipumanual->receipt_page(260)
#4 /var/www/daloporhecho.cl/wp-includes/class-wp-hook.php(311): WP_Hook->apply_filters('', Array)
#5 /var/www/dalopo in /var/www/daloporhecho.cl/wp-content/plugins/woocommerce-khipu-gateway/vendor/khipu/khipu-api-client/lib/ApiClient.php on line 158
=======
2020-10-26T00:39:27+00:00 CRITICAL syntax error, unexpected 'else' (T_ELSE) in C:\xampp2\htdocs\Dalo-por-hecho-W\wp-content\themes\dalo-por-hecho\page-confi-perfil.php on line 759

2020-10-26T04:29:40+00:00 CRITICAL Cannot use [] for reading in C:\xampp2\htdocs\Dalo-por-hecho-W\wp-content\themes\dalo-por-hecho\page-confi-perfil.php on line 664

2020-10-26T05:10:11+00:00 CRITICAL syntax error, unexpected 'else' (T_ELSE), expecting end of file in C:\xampp2\htdocs\Dalo-por-hecho-W\wp-content\themes\dalo-por-hecho\page-confi-perfil.php on line 766

2020-10-26T05:10:55+00:00 CRITICAL syntax error, unexpected 'else' (T_ELSE), expecting end of file in C:\xampp2\htdocs\Dalo-por-hecho-W\wp-content\themes\dalo-por-hecho\page-confi-perfil.php on line 766

2020-10-26T05:11:17+00:00 CRITICAL syntax error, unexpected 'endif' (T_ENDIF), expecting end of file in C:\xampp2\htdocs\Dalo-por-hecho-W\wp-content\themes\dalo-por-hecho\page-confi-perfil.php on line 767

2020-10-26T05:15:19+00:00 CRITICAL syntax error, unexpected 'else' (T_ELSE), expecting end of file in C:\xampp2\htdocs\Dalo-por-hecho-W\wp-content\themes\dalo-por-hecho\page-confi-perfil.php on line 766
>>>>>>> d1019cceafaa21b1016dcc29d81a49aba93d1b9e

