2020-09-16T11:38:55+00:00 CRITICAL Uncaught Error: Call to undefined function bbp_user_profile_edit_url() in C:\xampp2\htdocs\Dalo-por-hecho-W\wp-content\themes\dalo-por-hecho\page-confi-perfil.php:499
Stack trace:
#0 C:\xampp2\htdocs\Dalo-por-hecho-W\wp-includes\template-loader.php(106): include()
#1 C:\xampp2\htdocs\Dalo-por-hecho-W\wp-blog-header.php(19): require_once('C:\\xampp2\\htdoc...')
#2 C:\xampp2\htdocs\Dalo-por-hecho-W\index.php(17): require('C:\\xampp2\\htdoc...')
#3 {main}
  thrown in C:\xampp2\htdocs\Dalo-por-hecho-W\wp-content\themes\dalo-por-hecho\page-confi-perfil.php on line 499

2020-09-16T11:39:24+00:00 CRITICAL Uncaught Error: Call to undefined function bbp_user_profile_edit_url() in C:\xampp2\htdocs\Dalo-por-hecho-W\wp-content\themes\dalo-por-hecho\page-confi-perfil.php:499
Stack trace:
#0 C:\xampp2\htdocs\Dalo-por-hecho-W\wp-includes\template-loader.php(106): include()
#1 C:\xampp2\htdocs\Dalo-por-hecho-W\wp-blog-header.php(19): require_once('C:\\xampp2\\htdoc...')
#2 C:\xampp2\htdocs\Dalo-por-hecho-W\index.php(17): require('C:\\xampp2\\htdoc...')
#3 {main}
  thrown in C:\xampp2\htdocs\Dalo-por-hecho-W\wp-content\themes\dalo-por-hecho\page-confi-perfil.php on line 499

2020-09-16T11:42:42+00:00 CRITICAL syntax error, unexpected 'endif' (T_ENDIF) in C:\xampp2\htdocs\Dalo-por-hecho-W\wp-content\themes\dalo-por-hecho\page-confi-perfil.php on line 683

2020-09-16T16:09:23+00:00 CRITICAL Maximum execution time of 360 seconds exceeded in C:\xampp2\htdocs\Dalo-por-hecho-W\wp-includes\query.php on line 928

2020-09-16T16:10:31+00:00 CRITICAL Maximum execution time of 360 seconds exceeded in C:\xampp2\htdocs\Dalo-por-hecho-W\wp-includes\class-wp-query.php on line 3314

2020-09-16T06:12:34+00:00 CRITICAL syntax error, unexpected end of file, expecting elseif (T_ELSEIF) or else (T_ELSE) or endif (T_ENDIF) in C:\xampp2\htdocs\Dalo-por-hecho-W\wp-content\themes\dalo-por-hecho\sections\home\main-modal-step.php on line 219

2020-09-16T06:12:44+00:00 CRITICAL syntax error, unexpected end of file, expecting elseif (T_ELSEIF) or else (T_ELSE) or endif (T_ENDIF) in C:\xampp2\htdocs\Dalo-por-hecho-W\wp-content\themes\dalo-por-hecho\sections\home\main-modal-step.php on line 219

2020-09-16T06:12:45+00:00 CRITICAL syntax error, unexpected end of file, expecting elseif (T_ELSEIF) or else (T_ELSE) or endif (T_ENDIF) in C:\xampp2\htdocs\Dalo-por-hecho-W\wp-content\themes\dalo-por-hecho\sections\home\main-modal-step.php on line 219

2020-09-16T06:17:39+00:00 CRITICAL syntax error, unexpected end of file, expecting elseif (T_ELSEIF) or else (T_ELSE) or endif (T_ENDIF) in C:\xampp2\htdocs\Dalo-por-hecho-W\wp-content\themes\dalo-por-hecho\page-publicar.php on line 188

2020-09-16T06:22:58+00:00 CRITICAL Uncaught Error: Using $this when not in object context in C:\xampp2\htdocs\Dalo-por-hecho-W\wp-content\themes\dalo-por-hecho\page-publicar.php:19
Stack trace:
#0 C:\xampp2\htdocs\Dalo-por-hecho-W\wp-includes\template-loader.php(106): include()
#1 C:\xampp2\htdocs\Dalo-por-hecho-W\wp-blog-header.php(19): require_once('C:\\xampp2\\htdoc...')
#2 C:\xampp2\htdocs\Dalo-por-hecho-W\index.php(17): require('C:\\xampp2\\htdoc...')
#3 {main}
  thrown in C:\xampp2\htdocs\Dalo-por-hecho-W\wp-content\themes\dalo-por-hecho\page-publicar.php on line 19

2020-09-16T06:32:12+00:00 CRITICAL Uncaught Error: Using $this when not in object context in C:\xampp2\htdocs\Dalo-por-hecho-W\wp-content\themes\dalo-por-hecho\page-publicar.php:23
Stack trace:
#0 C:\xampp2\htdocs\Dalo-por-hecho-W\wp-includes\template-loader.php(106): include()
#1 C:\xampp2\htdocs\Dalo-por-hecho-W\wp-blog-header.php(19): require_once('C:\\xampp2\\htdoc...')
#2 C:\xampp2\htdocs\Dalo-por-hecho-W\index.php(17): require('C:\\xampp2\\htdoc...')
#3 {main}
  thrown in C:\xampp2\htdocs\Dalo-por-hecho-W\wp-content\themes\dalo-por-hecho\page-publicar.php on line 23

2020-09-16T06:37:02+00:00 CRITICAL Uncaught Error: Using $this when not in object context in C:\xampp2\htdocs\Dalo-por-hecho-W\wp-content\themes\dalo-por-hecho\page-publicar.php:23
Stack trace:
#0 C:\xampp2\htdocs\Dalo-por-hecho-W\wp-includes\template-loader.php(106): include()
#1 C:\xampp2\htdocs\Dalo-por-hecho-W\wp-blog-header.php(19): require_once('C:\\xampp2\\htdoc...')
#2 C:\xampp2\htdocs\Dalo-por-hecho-W\index.php(17): require('C:\\xampp2\\htdoc...')
#3 {main}
  thrown in C:\xampp2\htdocs\Dalo-por-hecho-W\wp-content\themes\dalo-por-hecho\page-publicar.php on line 23

2020-09-16T06:37:15+00:00 CRITICAL syntax error, unexpected end of file, expecting elseif (T_ELSEIF) or else (T_ELSE) or endif (T_ENDIF) in C:\xampp2\htdocs\Dalo-por-hecho-W\wp-content\themes\dalo-por-hecho\sections\home\main-modal-step.php on line 219

2020-09-16T06:37:15+00:00 CRITICAL syntax error, unexpected end of file, expecting elseif (T_ELSEIF) or else (T_ELSE) or endif (T_ENDIF) in C:\xampp2\htdocs\Dalo-por-hecho-W\wp-content\themes\dalo-por-hecho\sections\home\main-modal-step.php on line 219

2020-09-16T06:38:22+00:00 CRITICAL syntax error, unexpected end of file, expecting elseif (T_ELSEIF) or else (T_ELSE) or endif (T_ENDIF) in C:\xampp2\htdocs\Dalo-por-hecho-W\wp-content\themes\dalo-por-hecho\sections\home\main-modal-step.php on line 219

2020-09-16T06:38:22+00:00 CRITICAL syntax error, unexpected end of file, expecting elseif (T_ELSEIF) or else (T_ELSE) or endif (T_ENDIF) in C:\xampp2\htdocs\Dalo-por-hecho-W\wp-content\themes\dalo-por-hecho\sections\home\main-modal-step.php on line 219

2020-09-16T07:39:12+00:00 CRITICAL syntax error, unexpected '{', expecting ':' in C:\xampp2\htdocs\Dalo-por-hecho-W\wp-content\themes\dalo-por-hecho\job_manager\job-submit.php on line 76

2020-09-16T07:39:21+00:00 CRITICAL syntax error, unexpected '{', expecting ':' in C:\xampp2\htdocs\Dalo-por-hecho-W\wp-content\themes\dalo-por-hecho\job_manager\job-submit.php on line 76

2020-09-16T07:39:21+00:00 CRITICAL syntax error, unexpected '{', expecting ':' in C:\xampp2\htdocs\Dalo-por-hecho-W\wp-content\themes\dalo-por-hecho\job_manager\job-submit.php on line 76

2020-09-16T07:39:22+00:00 CRITICAL syntax error, unexpected '{', expecting ':' in C:\xampp2\htdocs\Dalo-por-hecho-W\wp-content\themes\dalo-por-hecho\job_manager\job-submit.php on line 76

2020-09-16T07:40:25+00:00 CRITICAL syntax error, unexpected '{', expecting ':' in C:\xampp2\htdocs\Dalo-por-hecho-W\wp-content\themes\dalo-por-hecho\job_manager\job-submit.php on line 76

2020-09-16T07:40:32+00:00 CRITICAL syntax error, unexpected '{', expecting ':' in C:\xampp2\htdocs\Dalo-por-hecho-W\wp-content\themes\dalo-por-hecho\job_manager\job-submit.php on line 76

2020-09-16T07:40:32+00:00 CRITICAL syntax error, unexpected '{', expecting ':' in C:\xampp2\htdocs\Dalo-por-hecho-W\wp-content\themes\dalo-por-hecho\job_manager\job-submit.php on line 76

2020-09-16T07:40:33+00:00 CRITICAL syntax error, unexpected '{', expecting ':' in C:\xampp2\htdocs\Dalo-por-hecho-W\wp-content\themes\dalo-por-hecho\job_manager\job-submit.php on line 76

2020-09-16T08:13:47+00:00 CRITICAL syntax error, unexpected '}', expecting end of file in C:\xampp2\htdocs\Dalo-por-hecho-W\wp-content\themes\dalo-por-hecho\job_manager\job-submit.php on line 212

2020-09-16T08:14:31+00:00 CRITICAL syntax error, unexpected '}', expecting end of file in C:\xampp2\htdocs\Dalo-por-hecho-W\wp-content\themes\dalo-por-hecho\job_manager\job-submit.php on line 288

2020-09-16T16:25:03+00:00 CRITICAL Maximum execution time of 360 seconds exceeded in C:\xampp2\htdocs\Dalo-por-hecho-W\wp-includes\class-wp-query.php on line 3314

2020-09-16T16:26:16+00:00 CRITICAL Maximum execution time of 360 seconds exceeded in C:\xampp2\htdocs\Dalo-por-hecho-W\wp-content\themes\dalo-por-hecho\single.php on line 14

2020-09-16T16:32:52+00:00 CRITICAL Maximum execution time of 360 seconds exceeded in C:\xampp2\htdocs\Dalo-por-hecho-W\wp-includes\query.php on line 928

2020-09-16T16:37:28+00:00 CRITICAL Maximum execution time of 360 seconds exceeded in C:\xampp2\htdocs\Dalo-por-hecho-W\wp-includes\class-wp-query.php on line 3314

2020-09-16T16:41:00+00:00 CRITICAL Maximum execution time of 360 seconds exceeded in C:\xampp2\htdocs\Dalo-por-hecho-W\wp-content\themes\dalo-por-hecho\single.php on line 14

2020-09-16T16:47:12+00:00 CRITICAL Maximum execution time of 360 seconds exceeded in C:\xampp2\htdocs\Dalo-por-hecho-W\wp-includes\class-wp-query.php on line 3314

2020-09-16T16:52:04+00:00 CRITICAL Maximum execution time of 360 seconds exceeded in C:\xampp2\htdocs\Dalo-por-hecho-W\wp-includes\query.php on line 928

2020-09-16T16:54:30+00:00 CRITICAL Maximum execution time of 360 seconds exceeded in C:\xampp2\htdocs\Dalo-por-hecho-W\wp-includes\class-wp-query.php on line 3314

2020-09-16T16:56:57+00:00 CRITICAL Maximum execution time of 360 seconds exceeded in C:\xampp2\htdocs\Dalo-por-hecho-W\wp-includes\query.php on line 928

2020-09-16T17:35:50+00:00 CRITICAL Maximum execution time of 360 seconds exceeded in C:\xampp2\htdocs\Dalo-por-hecho-W\wp-content\themes\dalo-por-hecho\single.php on line 14

