2020-09-15T04:23:22+00:00 CRITICAL require_once(): Failed opening required 'C:\xampp2\htdocs\Dalo-por-hecho-W\wp-content\themes\dalo-por-hechowp-admin/admin.php' (include_path='C:\xampp2\php\PEAR') in C:\xampp2\htdocs\Dalo-por-hecho-W\wp-content\themes\dalo-por-hecho\page-my-account.php on line 10

2020-09-15T04:24:15+00:00 CRITICAL require_once(): Failed opening required 'C:\xampp2\htdocs\Dalo-por-hecho-W\wp-content\themes\dalo-por-hechowp-admin/admin.php' (include_path='C:\xampp2\php\PEAR') in C:\xampp2\htdocs\Dalo-por-hecho-W\wp-content\themes\dalo-por-hecho\page-my-account.php on line 10

2020-09-15T04:24:47+00:00 CRITICAL require_once(): Failed opening required 'C:\xampp2\htdocs\Dalo-por-hecho-W\wp-content\themes\dalo-por-hechowp-admin/admin.php' (include_path='C:\xampp2\php\PEAR') in C:\xampp2\htdocs\Dalo-por-hecho-W\wp-content\themes\dalo-por-hecho\page-my-account.php on line 10

2020-09-15T04:25:24+00:00 CRITICAL require_once(): Failed opening required 'C:\xampp2\htdocs\Dalo-por-hecho-W\wp-content\themes\dalo-por-hechowp-admin/admin.php' (include_path='C:\xampp2\php\PEAR') in C:\xampp2\htdocs\Dalo-por-hecho-W\wp-content\themes\dalo-por-hecho\page-my-account.php on line 10

2020-09-15T04:25:32+00:00 CRITICAL require_once(): Failed opening required 'C:\xampp2\htdocs\Dalo-por-hecho-W\wp-content\themes\dalo-por-hechowp-admin/admin.php' (include_path='C:\xampp2\php\PEAR') in C:\xampp2\htdocs\Dalo-por-hecho-W\wp-content\themes\dalo-por-hecho\page-my-account.php on line 10

2020-09-15T04:26:09+00:00 CRITICAL require_once(): Failed opening required 'C:\xampp2\htdocs\Dalo-por-hecho-W\wp-content\themes\dalo-por-hechowp-admin/admin.php' (include_path='C:\xampp2\php\PEAR') in C:\xampp2\htdocs\Dalo-por-hecho-W\wp-content\themes\dalo-por-hecho\page-my-account.php on line 10

2020-09-15T04:26:32+00:00 CRITICAL require_once(): Failed opening required 'C:\xampp2\htdocs\Dalo-por-hecho-W\wp-content\themes\dalo-por-hechowp-admin/admin.php' (include_path='C:\xampp2\php\PEAR') in C:\xampp2\htdocs\Dalo-por-hecho-W\wp-content\themes\dalo-por-hecho\page-my-account.php on line 10

2020-09-15T04:27:24+00:00 CRITICAL require_once(): Failed opening required 'C:\xampp2\htdocs\Dalo-por-hecho-W\wp-content\themes\dalo-por-hecho....wp-admin/admin.php' (include_path='C:\xampp2\php\PEAR') in C:\xampp2\htdocs\Dalo-por-hecho-W\wp-content\themes\dalo-por-hecho\page-my-account.php on line 10

2020-09-15T05:05:06+00:00 CRITICAL require_once(): Failed opening required 'C:\xampp2\htdocs\Dalo-por-hecho-W\wp-content\themes\dalo-por-hechowp-admin/admin.php' (include_path='C:\xampp2\php\PEAR') in C:\xampp2\htdocs\Dalo-por-hecho-W\wp-content\themes\dalo-por-hecho\page-publicar.php on line 1

2020-09-15T05:05:42+00:00 CRITICAL require_once(): Failed opening required 'C:\xampp2\htdocs\Dalo-por-hecho-W\wp-content\themes\dalo-por-hecho./wp-admin/admin.php' (include_path='C:\xampp2\php\PEAR') in C:\xampp2\htdocs\Dalo-por-hecho-W\wp-content\themes\dalo-por-hecho\page-publicar.php on line 1

2020-09-15T05:14:03+00:00 CRITICAL Uncaught Error: Call to a member function get_all() on null in C:\xampp2\htdocs\Dalo-por-hecho-W\wp-content\themes\dalo-por-hecho\page-publicar.php:417
Stack trace:
#0 C:\xampp2\htdocs\Dalo-por-hecho-W\wp-includes\template-loader.php(106): include()
#1 C:\xampp2\htdocs\Dalo-por-hecho-W\wp-blog-header.php(19): require_once('C:\\xampp2\\htdoc...')
#2 C:\xampp2\htdocs\Dalo-por-hecho-W\index.php(17): require('C:\\xampp2\\htdoc...')
#3 {main}
  thrown in C:\xampp2\htdocs\Dalo-por-hecho-W\wp-content\themes\dalo-por-hecho\page-publicar.php on line 417

2020-09-15T05:16:05+00:00 CRITICAL Uncaught Error: Call to a member function get_all() on null in C:\xampp2\htdocs\Dalo-por-hecho-W\wp-content\themes\dalo-por-hecho\page-publicar.php:417
Stack trace:
#0 C:\xampp2\htdocs\Dalo-por-hecho-W\wp-includes\template-loader.php(106): include()
#1 C:\xampp2\htdocs\Dalo-por-hecho-W\wp-blog-header.php(19): require_once('C:\\xampp2\\htdoc...')
#2 C:\xampp2\htdocs\Dalo-por-hecho-W\index.php(17): require('C:\\xampp2\\htdoc...')
#3 {main}
  thrown in C:\xampp2\htdocs\Dalo-por-hecho-W\wp-content\themes\dalo-por-hecho\page-publicar.php on line 417

2020-09-15T05:17:15+00:00 CRITICAL Uncaught Error: Call to a member function get_all() on null in C:\xampp2\htdocs\Dalo-por-hecho-W\wp-content\themes\dalo-por-hecho\page-publicar.php:408
Stack trace:
#0 C:\xampp2\htdocs\Dalo-por-hecho-W\wp-includes\template-loader.php(106): include()
#1 C:\xampp2\htdocs\Dalo-por-hecho-W\wp-blog-header.php(19): require_once('C:\\xampp2\\htdoc...')
#2 C:\xampp2\htdocs\Dalo-por-hecho-W\index.php(17): require('C:\\xampp2\\htdoc...')
#3 {main}
  thrown in C:\xampp2\htdocs\Dalo-por-hecho-W\wp-content\themes\dalo-por-hecho\page-publicar.php on line 408

2020-09-15T05:17:42+00:00 CRITICAL Uncaught Error: Call to a member function get_all() on null in C:\xampp2\htdocs\Dalo-por-hecho-W\wp-content\themes\dalo-por-hecho\page-publicar.php:388
Stack trace:
#0 C:\xampp2\htdocs\Dalo-por-hecho-W\wp-includes\template-loader.php(106): include()
#1 C:\xampp2\htdocs\Dalo-por-hecho-W\wp-blog-header.php(19): require_once('C:\\xampp2\\htdoc...')
#2 C:\xampp2\htdocs\Dalo-por-hecho-W\index.php(17): require('C:\\xampp2\\htdoc...')
#3 {main}
  thrown in C:\xampp2\htdocs\Dalo-por-hecho-W\wp-content\themes\dalo-por-hecho\page-publicar.php on line 388

2020-09-15T05:17:58+00:00 CRITICAL Uncaught Error: Call to a member function get_all() on null in C:\xampp2\htdocs\Dalo-por-hecho-W\wp-content\themes\dalo-por-hecho\page-publicar.php:376
Stack trace:
#0 C:\xampp2\htdocs\Dalo-por-hecho-W\wp-includes\template-loader.php(106): include()
#1 C:\xampp2\htdocs\Dalo-por-hecho-W\wp-blog-header.php(19): require_once('C:\\xampp2\\htdoc...')
#2 C:\xampp2\htdocs\Dalo-por-hecho-W\index.php(17): require('C:\\xampp2\\htdoc...')
#3 {main}
  thrown in C:\xampp2\htdocs\Dalo-por-hecho-W\wp-content\themes\dalo-por-hecho\page-publicar.php on line 376

2020-09-15T05:18:37+00:00 CRITICAL Uncaught Error: Call to a member function get_all() on null in C:\xampp2\htdocs\Dalo-por-hecho-W\wp-content\themes\dalo-por-hecho\page-publicar.php:376
Stack trace:
#0 C:\xampp2\htdocs\Dalo-por-hecho-W\wp-includes\template-loader.php(106): include()
#1 C:\xampp2\htdocs\Dalo-por-hecho-W\wp-blog-header.php(19): require_once('C:\\xampp2\\htdoc...')
#2 C:\xampp2\htdocs\Dalo-por-hecho-W\index.php(17): require('C:\\xampp2\\htdoc...')
#3 {main}
  thrown in C:\xampp2\htdocs\Dalo-por-hecho-W\wp-content\themes\dalo-por-hecho\page-publicar.php on line 376

2020-09-15T05:19:19+00:00 CRITICAL Uncaught Error: Call to a member function get_all() on null in C:\xampp2\htdocs\Dalo-por-hecho-W\wp-content\themes\dalo-por-hecho\page-publicar.php:362
Stack trace:
#0 C:\xampp2\htdocs\Dalo-por-hecho-W\wp-includes\template-loader.php(106): include()
#1 C:\xampp2\htdocs\Dalo-por-hecho-W\wp-blog-header.php(19): require_once('C:\\xampp2\\htdoc...')
#2 C:\xampp2\htdocs\Dalo-por-hecho-W\index.php(17): require('C:\\xampp2\\htdoc...')
#3 {main}
  thrown in C:\xampp2\htdocs\Dalo-por-hecho-W\wp-content\themes\dalo-por-hecho\page-publicar.php on line 362

2020-09-15T05:20:05+00:00 CRITICAL Uncaught Error: Call to a member function get_all() on null in C:\xampp2\htdocs\Dalo-por-hecho-W\wp-content\themes\dalo-por-hecho\page-publicar.php:340
Stack trace:
#0 C:\xampp2\htdocs\Dalo-por-hecho-W\wp-includes\template-loader.php(106): include()
#1 C:\xampp2\htdocs\Dalo-por-hecho-W\wp-blog-header.php(19): require_once('C:\\xampp2\\htdoc...')
#2 C:\xampp2\htdocs\Dalo-por-hecho-W\index.php(17): require('C:\\xampp2\\htdoc...')
#3 {main}
  thrown in C:\xampp2\htdocs\Dalo-por-hecho-W\wp-content\themes\dalo-por-hecho\page-publicar.php on line 340

2020-09-15T05:20:26+00:00 CRITICAL Uncaught Error: Call to a member function get_all() on null in C:\xampp2\htdocs\Dalo-por-hecho-W\wp-content\themes\dalo-por-hecho\page-publicar.php:340
Stack trace:
#0 C:\xampp2\htdocs\Dalo-por-hecho-W\wp-includes\template-loader.php(106): include()
#1 C:\xampp2\htdocs\Dalo-por-hecho-W\wp-blog-header.php(19): require_once('C:\\xampp2\\htdoc...')
#2 C:\xampp2\htdocs\Dalo-por-hecho-W\index.php(17): require('C:\\xampp2\\htdoc...')
#3 {main}
  thrown in C:\xampp2\htdocs\Dalo-por-hecho-W\wp-content\themes\dalo-por-hecho\page-publicar.php on line 340

